<component name="libraryTable">
  <library name="junit">
    <CLASSES>
      <root url="jar://$PROJECT_DIR$/junit.jar!/" />
      <root url="jar://$PROJECT_DIR$/junit-4.12.jar!/" />
      <root url="jar://$PROJECT_DIR$/testng-plugin.jar!/" />
      <root url="jar://$PROJECT_DIR$/testng.jar!/" />
    </CLASSES>
    <JAVADOC />
    <SOURCES />
  </library>
</component>